[debug] [2026-05-15T15:45:51.344Z] ----------------------------------------------------------------------
[debug] [2026-05-15T15:45:51.356Z] Command:       /home/shadeera/.nvm/versions/node/v22.22.1/bin/node /usr/bin/firebase init hosting
[debug] [2026-05-15T15:45:51.357Z] CLI Version:   14.10.1
[debug] [2026-05-15T15:45:51.357Z] Platform:      linux
[debug] [2026-05-15T15:45:51.358Z] Node Version:  v22.22.1
[debug] [2026-05-15T15:45:51.359Z] Time:          Fri May 15 2026 21:15:51 GMT+0530 (India Standard Time)
[debug] [2026-05-15T15:45:51.359Z] ----------------------------------------------------------------------
[debug] 
[debug] [2026-05-15T15:45:51.365Z] >>> [apiv2][query] GET https://firebase-public.firebaseio.com/cli.json [none]
[debug] [2026-05-15T15:45:51.430Z] > command requires scopes: ["email","openid","https://www.googleapis.com/auth/cloudplatformprojects.readonly","https://www.googleapis.com/auth/firebase","https://www.googleapis.com/auth/cloud-platform"]
[debug] [2026-05-15T15:45:51.431Z] > authorizing via signed-in user (tharushishadeera@gmail.com)
[info] 
     ######## #### ########  ######## ########     ###     ######  ########
     ##        ##  ##     ## ##       ##     ##  ##   ##  ##       ##
     ######    ##  ########  ######   ########  #########  ######  ######
     ##        ##  ##    ##  ##       ##     ## ##     ##       ## ##
     ##       #### ##     ## ######## ########  ##     ##  ######  ########

You're about to initialize a Firebase project in this directory:

  /home/shadeera/ENIXORA

[info] 
=== Project Setup
[info] 
[info] First, let's associate this project directory with a Firebase project.
[info] You can create multiple project aliases by running firebase use --add, 
[info] but for now we'll just set up a default project.
[info] 
[debug] [2026-05-15T15:45:52.310Z] <<< [apiv2][status] GET https://firebase-public.firebaseio.com/cli.json 200
[debug] [2026-05-15T15:45:52.312Z] <<< [apiv2][body] GET https://firebase-public.firebaseio.com/cli.json {"cloudBuildErrorAfter":1594252800000,"cloudBuildWarnAfter":1590019200000,"defaultNode10After":1594252800000,"minVersion":"3.0.5","node8DeploysDisabledAfter":1613390400000,"node8RuntimeDisabledAfter":1615809600000,"node8WarnAfter":1600128000000}
[debug] [2026-05-15T15:46:29.964Z] Checked if tokens are valid: false, expires at: 1757163284599
[debug] [2026-05-15T15:46:29.966Z] Checked if tokens are valid: false, expires at: 1757163284599
[debug] [2026-05-15T15:46:29.967Z] > refreshing access token with scopes: []
[debug] [2026-05-15T15:46:29.974Z] >>> [apiv2][query] POST https://www.googleapis.com/oauth2/v3/token [none]
[debug] [2026-05-15T15:46:29.974Z] >>> [apiv2][body] POST https://www.googleapis.com/oauth2/v3/token [omitted]
[debug] [2026-05-15T15:46:30.894Z] <<< [apiv2][status] POST https://www.googleapis.com/oauth2/v3/token 400
[debug] [2026-05-15T15:46:30.894Z] <<< [apiv2][body] POST https://www.googleapis.com/oauth2/v3/token [omitted]
[debug] [2026-05-15T15:46:30.896Z] >>> [apiv2][query] GET https://firebase.googleapis.com/v1beta1/availableProjects pageSize=100
[debug] [2026-05-15T15:46:31.420Z] <<< [apiv2][status] GET https://firebase.googleapis.com/v1beta1/availableProjects 401
[debug] [2026-05-15T15:46:31.421Z] <<< [apiv2][body] GET https://firebase.googleapis.com/v1beta1/availableProjects [omitted]
[debug] [2026-05-15T15:46:31.421Z] Got a 401 Unauthenticated error for a call that required authentication. Refreshing tokens.
[debug] [2026-05-15T15:46:31.422Z] Checked if tokens are valid: false, expires at: 1757163284599
[debug] [2026-05-15T15:46:31.422Z] Checked if tokens are valid: false, expires at: 1757163284599
[debug] [2026-05-15T15:46:31.422Z] > refreshing access token with scopes: []
[debug] [2026-05-15T15:46:31.424Z] >>> [apiv2][query] POST https://www.googleapis.com/oauth2/v3/token [none]
[debug] [2026-05-15T15:46:31.424Z] >>> [apiv2][body] POST https://www.googleapis.com/oauth2/v3/token [omitted]
[debug] [2026-05-15T15:46:31.601Z] <<< [apiv2][status] POST https://www.googleapis.com/oauth2/v3/token 400
[debug] [2026-05-15T15:46:31.602Z] <<< [apiv2][body] POST https://www.googleapis.com/oauth2/v3/token [omitted]
[debug] [2026-05-15T15:46:31.606Z] Request to https://firebase.googleapis.com/v1beta1/availableProjects?pageSize=100 had HTTP Error: 401, Request had invalid authentication credentials. Expected OAuth 2 access token, login cookie or other valid authentication credential. See https://developers.google.com/identity/sign-in/web/devconsole-project.
[debug] [2026-05-15T15:46:32.027Z] FirebaseError: Request to https://firebase.googleapis.com/v1beta1/availableProjects?pageSize=100 had HTTP Error: 401, Request had invalid authentication credentials. Expected OAuth 2 access token, login cookie or other valid authentication credential. See https://developers.google.com/identity/sign-in/web/devconsole-project.
    at responseToError (/usr/lib/node_modules/firebase-tools/lib/responseToError.js:52:12)
    at RetryOperation._fn (/usr/lib/node_modules/firebase-tools/lib/apiv2.js:312:77)
    at process.processTicksAndRejections (node:internal/process/task_queues:103:5)
[error] 
[error] Error: Failed to list available Google Cloud Platform projects. See firebase-debug.log for more info.
[debug] [2026-05-15T15:46:39.693Z] ----------------------------------------------------------------------
[debug] [2026-05-15T15:46:39.696Z] Command:       /home/shadeera/.nvm/versions/node/v22.22.1/bin/node /usr/bin/firebase init hosting
[debug] [2026-05-15T15:46:39.697Z] CLI Version:   14.10.1
[debug] [2026-05-15T15:46:39.697Z] Platform:      linux
[debug] [2026-05-15T15:46:39.697Z] Node Version:  v22.22.1
[debug] [2026-05-15T15:46:39.698Z] Time:          Fri May 15 2026 21:16:39 GMT+0530 (India Standard Time)
[debug] [2026-05-15T15:46:39.698Z] ----------------------------------------------------------------------
[debug] 
[debug] [2026-05-15T15:46:39.704Z] > command requires scopes: ["email","openid","https://www.googleapis.com/auth/cloudplatformprojects.readonly","https://www.googleapis.com/auth/firebase","https://www.googleapis.com/auth/cloud-platform"]
[debug] [2026-05-15T15:46:39.705Z] > authorizing via signed-in user (tharushishadeera@gmail.com)
[info] 
     ######## #### ########  ######## ########     ###     ######  ########
     ##        ##  ##     ## ##       ##     ##  ##   ##  ##       ##
     ######    ##  ########  ######   ########  #########  ######  ######
     ##        ##  ##    ##  ##       ##     ## ##     ##       ## ##
     ##       #### ##     ## ######## ########  ##     ##  ######  ########

You're about to initialize a Firebase project in this directory:

  /home/shadeera/ENIXORA

[info] 
=== Project Setup
[info] 
[info] First, let's associate this project directory with a Firebase project.
[info] You can create multiple project aliases by running firebase use --add, 
[info] but for now we'll just set up a default project.
[info] 
[debug] [2026-05-15T15:46:46.458Z] Checked if tokens are valid: false, expires at: 1757163284599
[debug] [2026-05-15T15:46:46.460Z] Checked if tokens are valid: false, expires at: 1757163284599
[debug] [2026-05-15T15:46:46.461Z] > refreshing access token with scopes: []
[debug] [2026-05-15T15:46:46.469Z] >>> [apiv2][query] POST https://www.googleapis.com/oauth2/v3/token [none]
[debug] [2026-05-15T15:46:46.470Z] >>> [apiv2][body] POST https://www.googleapis.com/oauth2/v3/token [omitted]
[debug] [2026-05-15T15:46:47.295Z] <<< [apiv2][status] POST https://www.googleapis.com/oauth2/v3/token 400
[debug] [2026-05-15T15:46:47.296Z] <<< [apiv2][body] POST https://www.googleapis.com/oauth2/v3/token [omitted]
[debug] [2026-05-15T15:46:47.297Z] >>> [apiv2][query] GET https://firebase.googleapis.com/v1beta1/projects pageSize=100
[debug] [2026-05-15T15:46:47.748Z] <<< [apiv2][status] GET https://firebase.googleapis.com/v1beta1/projects 401
[debug] [2026-05-15T15:46:47.748Z] <<< [apiv2][body] GET https://firebase.googleapis.com/v1beta1/projects [omitted]
[debug] [2026-05-15T15:46:47.748Z] Got a 401 Unauthenticated error for a call that required authentication. Refreshing tokens.
[debug] [2026-05-15T15:46:47.749Z] Checked if tokens are valid: false, expires at: 1757163284599
[debug] [2026-05-15T15:46:47.749Z] Checked if tokens are valid: false, expires at: 1757163284599
[debug] [2026-05-15T15:46:47.749Z] > refreshing access token with scopes: []
[debug] [2026-05-15T15:46:47.751Z] >>> [apiv2][query] POST https://www.googleapis.com/oauth2/v3/token [none]
[debug] [2026-05-15T15:46:47.751Z] >>> [apiv2][body] POST https://www.googleapis.com/oauth2/v3/token [omitted]
[debug] [2026-05-15T15:46:47.952Z] <<< [apiv2][status] POST https://www.googleapis.com/oauth2/v3/token 400
[debug] [2026-05-15T15:46:47.953Z] <<< [apiv2][body] POST https://www.googleapis.com/oauth2/v3/token [omitted]
[debug] [2026-05-15T15:46:47.957Z] Request to https://firebase.googleapis.com/v1beta1/projects?pageSize=100 had HTTP Error: 401, Request had invalid authentication credentials. Expected OAuth 2 access token, login cookie or other valid authentication credential. See https://developers.google.com/identity/sign-in/web/devconsole-project.
[debug] [2026-05-15T15:46:48.698Z] FirebaseError: Request to https://firebase.googleapis.com/v1beta1/projects?pageSize=100 had HTTP Error: 401, Request had invalid authentication credentials. Expected OAuth 2 access token, login cookie or other valid authentication credential. See https://developers.google.com/identity/sign-in/web/devconsole-project.
    at responseToError (/usr/lib/node_modules/firebase-tools/lib/responseToError.js:52:12)
    at RetryOperation._fn (/usr/lib/node_modules/firebase-tools/lib/apiv2.js:312:77)
    at process.processTicksAndRejections (node:internal/process/task_queues:103:5)
[error] 
[error] Error: Failed to list Firebase projects. See firebase-debug.log for more info.
[debug] [2026-05-15T15:47:01.424Z] ----------------------------------------------------------------------
[debug] [2026-05-15T15:47:01.427Z] Command:       /home/shadeera/.nvm/versions/node/v22.22.1/bin/node /usr/bin/firebase init hosting
[debug] [2026-05-15T15:47:01.428Z] CLI Version:   14.10.1
[debug] [2026-05-15T15:47:01.428Z] Platform:      linux
[debug] [2026-05-15T15:47:01.428Z] Node Version:  v22.22.1
[debug] [2026-05-15T15:47:01.428Z] Time:          Fri May 15 2026 21:17:01 GMT+0530 (India Standard Time)
[debug] [2026-05-15T15:47:01.429Z] ----------------------------------------------------------------------
[debug] 
[debug] [2026-05-15T15:47:01.435Z] > command requires scopes: ["email","openid","https://www.googleapis.com/auth/cloudplatformprojects.readonly","https://www.googleapis.com/auth/firebase","https://www.googleapis.com/auth/cloud-platform"]
[debug] [2026-05-15T15:47:01.435Z] > authorizing via signed-in user (tharushishadeera@gmail.com)
[info] 
     ######## #### ########  ######## ########     ###     ######  ########
     ##        ##  ##     ## ##       ##     ##  ##   ##  ##       ##
     ######    ##  ########  ######   ########  #########  ######  ######
     ##        ##  ##    ##  ##       ##     ## ##     ##       ## ##
     ##       #### ##     ## ######## ########  ##     ##  ######  ########

You're about to initialize a Firebase project in this directory:

  /home/shadeera/ENIXORA

[info] 
=== Project Setup
[info] 
[info] First, let's associate this project directory with a Firebase project.
[info] You can create multiple project aliases by running firebase use --add, 
[info] but for now we'll just set up a default project.
[info] 
[info] i  If you want to create a project in a Google Cloud organization or folder, please use "firebase projects:create" instead, and return to this command when you've created the project. 
[debug] [2026-05-15T15:47:40.486Z] ----------------------------------------------------------------------
[debug] [2026-05-15T15:47:40.489Z] Command:       /home/shadeera/.nvm/versions/node/v22.22.1/bin/node /usr/bin/firebase init hosting
[debug] [2026-05-15T15:47:40.489Z] CLI Version:   14.10.1
[debug] [2026-05-15T15:47:40.489Z] Platform:      linux
[debug] [2026-05-15T15:47:40.490Z] Node Version:  v22.22.1
[debug] [2026-05-15T15:47:40.490Z] Time:          Fri May 15 2026 21:17:40 GMT+0530 (India Standard Time)
[debug] [2026-05-15T15:47:40.490Z] ----------------------------------------------------------------------
[debug] 
[debug] [2026-05-15T15:47:40.497Z] > command requires scopes: ["email","openid","https://www.googleapis.com/auth/cloudplatformprojects.readonly","https://www.googleapis.com/auth/firebase","https://www.googleapis.com/auth/cloud-platform"]
[debug] [2026-05-15T15:47:40.497Z] > authorizing via signed-in user (tharushishadeera@gmail.com)
[info] 
     ######## #### ########  ######## ########     ###     ######  ########
     ##        ##  ##     ## ##       ##     ##  ##   ##  ##       ##
     ######    ##  ########  ######   ########  #########  ######  ######
     ##        ##  ##    ##  ##       ##     ## ##     ##       ## ##
     ##       #### ##     ## ######## ########  ##     ##  ######  ########

You're about to initialize a Firebase project in this directory:

  /home/shadeera/ENIXORA

[info] 
=== Project Setup
[info] 
[info] First, let's associate this project directory with a Firebase project.
[info] You can create multiple project aliases by running firebase use --add, 
[info] but for now we'll just set up a default project.
[info] 
[info] i  If you want to create a project in a Google Cloud organization or folder, please use "firebase projects:create" instead, and return to this command when you've created the project. 
[debug] [2026-05-15T15:50:01.952Z] Checked if tokens are valid: false, expires at: 1757163284599
[debug] [2026-05-15T15:50:01.953Z] Checked if tokens are valid: false, expires at: 1757163284599
[debug] [2026-05-15T15:50:01.954Z] > refreshing access token with scopes: []
[debug] [2026-05-15T15:50:01.963Z] >>> [apiv2][query] POST https://www.googleapis.com/oauth2/v3/token [none]
[debug] [2026-05-15T15:50:01.964Z] >>> [apiv2][body] POST https://www.googleapis.com/oauth2/v3/token [omitted]
[debug] [2026-05-15T15:50:02.443Z] <<< [apiv2][status] POST https://www.googleapis.com/oauth2/v3/token 400
[debug] [2026-05-15T15:50:02.444Z] <<< [apiv2][body] POST https://www.googleapis.com/oauth2/v3/token [omitted]
[debug] [2026-05-15T15:50:02.446Z] >>> [apiv2][query] POST https://firebase.googleapis.com/v1/projects:checkProjectId [none]
[debug] [2026-05-15T15:50:02.447Z] >>> [apiv2][body] POST https://firebase.googleapis.com/v1/projects:checkProjectId {"proposedId":"ENIXORA"}
[debug] [2026-05-15T15:50:02.815Z] <<< [apiv2][status] POST https://firebase.googleapis.com/v1/projects:checkProjectId 401
[debug] [2026-05-15T15:50:02.815Z] <<< [apiv2][body] POST https://firebase.googleapis.com/v1/projects:checkProjectId {"error":{"code":401,"message":"Request had invalid authentication credentials. Expected OAuth 2 access token, login cookie or other valid authentication credential. See https://developers.google.com/identity/sign-in/web/devconsole-project.","status":"UNAUTHENTICATED"}}
[debug] [2026-05-15T15:50:02.815Z] Got a 401 Unauthenticated error for a call that required authentication. Refreshing tokens.
[debug] [2026-05-15T15:50:02.815Z] Checked if tokens are valid: false, expires at: 1757163284599
[debug] [2026-05-15T15:50:02.815Z] Checked if tokens are valid: false, expires at: 1757163284599
[debug] [2026-05-15T15:50:02.815Z] > refreshing access token with scopes: []
[debug] [2026-05-15T15:50:02.816Z] >>> [apiv2][query] POST https://www.googleapis.com/oauth2/v3/token [none]
[debug] [2026-05-15T15:50:02.816Z] >>> [apiv2][body] POST https://www.googleapis.com/oauth2/v3/token [omitted]
[debug] [2026-05-15T15:50:03.018Z] <<< [apiv2][status] POST https://www.googleapis.com/oauth2/v3/token 400
[debug] [2026-05-15T15:50:03.019Z] <<< [apiv2][body] POST https://www.googleapis.com/oauth2/v3/token [omitted]
[debug] [2026-05-15T15:50:03.033Z] Couldn't check if project ID ENIXORA is available. Original error: FirebaseError: Failed to check if project ID is available. See firebase-debug.log for more info.
[debug] [2026-05-15T15:50:25.056Z] Checked if tokens are valid: false, expires at: 1757163284599
[debug] [2026-05-15T15:50:25.056Z] Checked if tokens are valid: false, expires at: 1757163284599
[debug] [2026-05-15T15:50:25.057Z] > refreshing access token with scopes: []
[debug] [2026-05-15T15:50:25.058Z] >>> [apiv2][query] POST https://www.googleapis.com/oauth2/v3/token [none]
[debug] [2026-05-15T15:50:25.059Z] >>> [apiv2][body] POST https://www.googleapis.com/oauth2/v3/token [omitted]
[debug] [2026-05-15T15:50:25.467Z] <<< [apiv2][status] POST https://www.googleapis.com/oauth2/v3/token 400
[debug] [2026-05-15T15:50:25.469Z] <<< [apiv2][body] POST https://www.googleapis.com/oauth2/v3/token [omitted]
[debug] [2026-05-15T15:50:25.470Z] >>> [apiv2][query] POST https://cloudresourcemanager.googleapis.com/v1/projects [none]
[debug] [2026-05-15T15:50:25.470Z] >>> [apiv2][body] POST https://cloudresourcemanager.googleapis.com/v1/projects {"projectId":"ENIXORA","name":"web development"}
[debug] [2026-05-15T15:50:27.240Z] <<< [apiv2][status] POST https://cloudresourcemanager.googleapis.com/v1/projects 401
[debug] [2026-05-15T15:50:27.241Z] <<< [apiv2][body] POST https://cloudresourcemanager.googleapis.com/v1/projects {"error":{"code":401,"message":"Request had invalid authentication credentials. Expected OAuth 2 access token, login cookie or other valid authentication credential. See https://developers.google.com/identity/sign-in/web/devconsole-project.","status":"UNAUTHENTICATED","details":[{"@type":"type.googleapis.com/google.rpc.ErrorInfo","reason":"ACCESS_TOKEN_TYPE_UNSUPPORTED","metadata":{"service":"cloudresourcemanager.googleapis.com","method":"google.cloudresourcemanager.v1.Projects.CreateProject"}}]}}
[debug] [2026-05-15T15:50:27.241Z] Got a 401 Unauthenticated error for a call that required authentication. Refreshing tokens.
[debug] [2026-05-15T15:50:27.241Z] Checked if tokens are valid: false, expires at: 1757163284599
[debug] [2026-05-15T15:50:27.241Z] Checked if tokens are valid: false, expires at: 1757163284599
[debug] [2026-05-15T15:50:27.241Z] > refreshing access token with scopes: []
[debug] [2026-05-15T15:50:27.242Z] >>> [apiv2][query] POST https://www.googleapis.com/oauth2/v3/token [none]
[debug] [2026-05-15T15:50:27.242Z] >>> [apiv2][body] POST https://www.googleapis.com/oauth2/v3/token [omitted]
[debug] [2026-05-15T15:50:27.420Z] <<< [apiv2][status] POST https://www.googleapis.com/oauth2/v3/token 400
[debug] [2026-05-15T15:50:27.421Z] <<< [apiv2][body] POST https://www.googleapis.com/oauth2/v3/token [omitted]
[debug] [2026-05-15T15:50:27.783Z] FirebaseError: Request to https://cloudresourcemanager.googleapis.com/v1/projects had HTTP Error: 401, Request had invalid authentication credentials. Expected OAuth 2 access token, login cookie or other valid authentication credential. See https://developers.google.com/identity/sign-in/web/devconsole-project.
    at responseToError (/usr/lib/node_modules/firebase-tools/lib/responseToError.js:52:12)
    at RetryOperation._fn (/usr/lib/node_modules/firebase-tools/lib/apiv2.js:312:77)
    at process.processTicksAndRejections (node:internal/process/task_queues:103:5)
[error] 
[error] Error: Failed to create project. See firebase-debug.log for more info.
[debug] [2026-05-15T15:51:39.525Z] ----------------------------------------------------------------------
[debug] [2026-05-15T15:51:39.528Z] Command:       /home/shadeera/.nvm/versions/node/v22.22.1/bin/node /usr/bin/firebase init hosting
[debug] [2026-05-15T15:51:39.528Z] CLI Version:   14.10.1
[debug] [2026-05-15T15:51:39.529Z] Platform:      linux
[debug] [2026-05-15T15:51:39.529Z] Node Version:  v22.22.1
[debug] [2026-05-15T15:51:39.529Z] Time:          Fri May 15 2026 21:21:39 GMT+0530 (India Standard Time)
[debug] [2026-05-15T15:51:39.529Z] ----------------------------------------------------------------------
[debug] 
[debug] [2026-05-15T15:51:39.536Z] > command requires scopes: ["email","openid","https://www.googleapis.com/auth/cloudplatformprojects.readonly","https://www.googleapis.com/auth/firebase","https://www.googleapis.com/auth/cloud-platform"]
[debug] [2026-05-15T15:51:39.536Z] > authorizing via signed-in user (tharushishadeera@gmail.com)
[info] 
     ######## #### ########  ######## ########     ###     ######  ########
     ##        ##  ##     ## ##       ##     ##  ##   ##  ##       ##
     ######    ##  ########  ######   ########  #########  ######  ######
     ##        ##  ##    ##  ##       ##     ## ##     ##       ## ##
     ##       #### ##     ## ######## ########  ##     ##  ######  ########

You're about to initialize a Firebase project in this directory:

  /home/shadeera/ENIXORA

[info] 
=== Project Setup
[info] 
[info] First, let's associate this project directory with a Firebase project.
[info] You can create multiple project aliases by running firebase use --add, 
[info] but for now we'll just set up a default project.
[info] 
[info] i  If you want to create a project in a Google Cloud organization or folder, please use "firebase projects:create" instead, and return to this command when you've created the project. 
[debug] [2026-05-15T15:52:00.301Z] Checked if tokens are valid: false, expires at: 1757163284599
[debug] [2026-05-15T15:52:00.302Z] Checked if tokens are valid: false, expires at: 1757163284599
[debug] [2026-05-15T15:52:00.303Z] > refreshing access token with scopes: []
[debug] [2026-05-15T15:52:00.312Z] >>> [apiv2][query] POST https://www.googleapis.com/oauth2/v3/token [none]
[debug] [2026-05-15T15:52:00.313Z] >>> [apiv2][body] POST https://www.googleapis.com/oauth2/v3/token [omitted]
[debug] [2026-05-15T15:52:00.910Z] <<< [apiv2][status] POST https://www.googleapis.com/oauth2/v3/token 400
[debug] [2026-05-15T15:52:00.912Z] <<< [apiv2][body] POST https://www.googleapis.com/oauth2/v3/token [omitted]
[debug] [2026-05-15T15:52:00.913Z] >>> [apiv2][query] POST https://firebase.googleapis.com/v1/projects:checkProjectId [none]
[debug] [2026-05-15T15:52:00.914Z] >>> [apiv2][body] POST https://firebase.googleapis.com/v1/projects:checkProjectId {"proposedId":"enixora-web-solutions-sl"}
[debug] [2026-05-15T15:52:01.697Z] <<< [apiv2][status] POST https://firebase.googleapis.com/v1/projects:checkProjectId 401
[debug] [2026-05-15T15:52:01.697Z] <<< [apiv2][body] POST https://firebase.googleapis.com/v1/projects:checkProjectId {"error":{"code":401,"message":"Request had invalid authentication credentials. Expected OAuth 2 access token, login cookie or other valid authentication credential. See https://developers.google.com/identity/sign-in/web/devconsole-project.","status":"UNAUTHENTICATED"}}
[debug] [2026-05-15T15:52:01.697Z] Got a 401 Unauthenticated error for a call that required authentication. Refreshing tokens.
[debug] [2026-05-15T15:52:01.698Z] Checked if tokens are valid: false, expires at: 1757163284599
[debug] [2026-05-15T15:52:01.698Z] Checked if tokens are valid: false, expires at: 1757163284599
[debug] [2026-05-15T15:52:01.698Z] > refreshing access token with scopes: []
[debug] [2026-05-15T15:52:01.702Z] >>> [apiv2][query] POST https://www.googleapis.com/oauth2/v3/token [none]
[debug] [2026-05-15T15:52:01.702Z] >>> [apiv2][body] POST https://www.googleapis.com/oauth2/v3/token [omitted]
[debug] [2026-05-15T15:52:01.889Z] <<< [apiv2][status] POST https://www.googleapis.com/oauth2/v3/token 400
[debug] [2026-05-15T15:52:01.891Z] <<< [apiv2][body] POST https://www.googleapis.com/oauth2/v3/token [omitted]
[debug] [2026-05-15T15:52:01.895Z] Couldn't check if project ID enixora-web-solutions-sl is available. Original error: FirebaseError: Failed to check if project ID is available. See firebase-debug.log for more info.
[debug] [2026-05-15T15:52:21.055Z] Checked if tokens are valid: false, expires at: 1757163284599
[debug] [2026-05-15T15:52:21.056Z] Checked if tokens are valid: false, expires at: 1757163284599
[debug] [2026-05-15T15:52:21.056Z] > refreshing access token with scopes: []
[debug] [2026-05-15T15:52:21.058Z] >>> [apiv2][query] POST https://www.googleapis.com/oauth2/v3/token [none]
[debug] [2026-05-15T15:52:21.058Z] >>> [apiv2][body] POST https://www.googleapis.com/oauth2/v3/token [omitted]
[debug] [2026-05-15T15:52:21.735Z] <<< [apiv2][status] POST https://www.googleapis.com/oauth2/v3/token 400
[debug] [2026-05-15T15:52:21.736Z] <<< [apiv2][body] POST https://www.googleapis.com/oauth2/v3/token [omitted]
[debug] [2026-05-15T15:52:21.737Z] >>> [apiv2][query] POST https://cloudresourcemanager.googleapis.com/v1/projects [none]
[debug] [2026-05-15T15:52:21.737Z] >>> [apiv2][body] POST https://cloudresourcemanager.googleapis.com/v1/projects {"projectId":"enixora-web-solutions-sl","name":"web development"}
[debug] [2026-05-15T15:52:23.913Z] <<< [apiv2][status] POST https://cloudresourcemanager.googleapis.com/v1/projects 401
[debug] [2026-05-15T15:52:23.914Z] <<< [apiv2][body] POST https://cloudresourcemanager.googleapis.com/v1/projects {"error":{"code":401,"message":"Request had invalid authentication credentials. Expected OAuth 2 access token, login cookie or other valid authentication credential. See https://developers.google.com/identity/sign-in/web/devconsole-project.","status":"UNAUTHENTICATED","details":[{"@type":"type.googleapis.com/google.rpc.ErrorInfo","reason":"ACCESS_TOKEN_TYPE_UNSUPPORTED","metadata":{"method":"google.cloudresourcemanager.v1.Projects.CreateProject","service":"cloudresourcemanager.googleapis.com"}}]}}
[debug] [2026-05-15T15:52:23.914Z] Got a 401 Unauthenticated error for a call that required authentication. Refreshing tokens.
[debug] [2026-05-15T15:52:23.914Z] Checked if tokens are valid: false, expires at: 1757163284599
[debug] [2026-05-15T15:52:23.914Z] Checked if tokens are valid: false, expires at: 1757163284599
[debug] [2026-05-15T15:52:23.917Z] > refreshing access token with scopes: []
[debug] [2026-05-15T15:52:23.918Z] >>> [apiv2][query] POST https://www.googleapis.com/oauth2/v3/token [none]
[debug] [2026-05-15T15:52:23.919Z] >>> [apiv2][body] POST https://www.googleapis.com/oauth2/v3/token [omitted]
[debug] [2026-05-15T15:52:24.426Z] <<< [apiv2][status] POST https://www.googleapis.com/oauth2/v3/token 400
[debug] [2026-05-15T15:52:24.427Z] <<< [apiv2][body] POST https://www.googleapis.com/oauth2/v3/token [omitted]
[debug] [2026-05-15T15:52:25.344Z] FirebaseError: Request to https://cloudresourcemanager.googleapis.com/v1/projects had HTTP Error: 401, Request had invalid authentication credentials. Expected OAuth 2 access token, login cookie or other valid authentication credential. See https://developers.google.com/identity/sign-in/web/devconsole-project.
    at responseToError (/usr/lib/node_modules/firebase-tools/lib/responseToError.js:52:12)
    at RetryOperation._fn (/usr/lib/node_modules/firebase-tools/lib/apiv2.js:312:77)
    at process.processTicksAndRejections (node:internal/process/task_queues:103:5)
[error] 
[error] Error: Failed to create project. See firebase-debug.log for more info.
